{"C:\\Users\\kibeb\\Desktop\\webintro\\server.js": {"path":"C:\\Users\\kibeb\\Desktop\\webintro\\server.js","statementMap":{"0":{"start":{"line":1,"column":16},"end":{"line":1,"column":34}},"1":{"start":{"line":2,"column":12},"end":{"line":2,"column":21}},"2":{"start":{"line":3,"column":15},"end":{"line":3,"column":41}},"3":{"start":{"line":4,"column":19},"end":{"line":4,"column":41}},"4":{"start":{"line":5,"column":0},"end":{"line":5,"column":61}},"5":{"start":{"line":6,"column":0},"end":{"line":6,"column":26}},"6":{"start":{"line":8,"column":17},"end":{"line":8,"column":36}},"7":{"start":{"line":9,"column":0},"end":{"line":9,"column":65}},"8":{"start":{"line":10,"column":11},"end":{"line":10,"column":30}},"9":{"start":{"line":11,"column":0},"end":{"line":11,"column":44}},"10":{"start":{"line":11,"column":22},"end":{"line":11,"column":42}},"11":{"start":{"line":12,"column":0},"end":{"line":12,"column":58}},"12":{"start":{"line":12,"column":20},"end":{"line":12,"column":56}},"13":{"start":{"line":14,"column":0},"end":{"line":14,"column":43}},"14":{"start":{"line":16,"column":19},"end":{"line":16,"column":52}},"15":{"start":{"line":17,"column":0},"end":{"line":17,"column":27}},"16":{"start":{"line":19,"column":0},"end":{"line":19,"column":20}}},"fnMap":{"0":{"name":"(anonymous_0)","decl":{"start":{"line":11,"column":14},"end":{"line":11,"column":15}},"loc":{"start":{"line":11,"column":21},"end":{"line":11,"column":43}},"line":11},"1":{"name":"(anonymous_1)","decl":{"start":{"line":12,"column":15},"end":{"line":12,"column":16}},"loc":{"start":{"line":12,"column":19},"end":{"line":12,"column":57}},"line":12}},"branchMap":{},"s":{"0":1,"1":1,"2":1,"3":1,"4":1,"5":1,"6":1,"7":1,"8":1,"9":1,"10":0,"11":1,"12":1,"13":1,"14":1,"15":1,"16":1},"f":{"0":0,"1":1},"b":{},"_coverageSchema":"1a1c01bbd47fc00a2c39e90264f33305004495a9","hash":"7b7ccff8b63b877a173ed813406d1ccb8c12bf8b"}
,"C:\\Users\\kibeb\\Desktop\\webintro\\controllers\\post.js": {"path":"C:\\Users\\kibeb\\Desktop\\webintro\\controllers\\post.js","statementMap":{"0":{"start":{"line":2,"column":13},"end":{"line":2,"column":44}},"1":{"start":{"line":4,"column":20},"end":{"line":16,"column":1}},"2":{"start":{"line":5,"column":4},"end":{"line":15,"column":5}},"3":{"start":{"line":6,"column":20},"end":{"line":6,"column":22}},"4":{"start":{"line":7,"column":8},"end":{"line":11,"column":9}},"5":{"start":{"line":8,"column":12},"end":{"line":8,"column":37}},"6":{"start":{"line":10,"column":12},"end":{"line":10,"column":66}},"7":{"start":{"line":12,"column":8},"end":{"line":12,"column":35}},"8":{"start":{"line":14,"column":8},"end":{"line":14,"column":67}},"9":{"start":{"line":18,"column":20},"end":{"line":27,"column":1}},"10":{"start":{"line":19,"column":4},"end":{"line":19,"column":30}},"11":{"start":{"line":21,"column":4},"end":{"line":26,"column":5}},"12":{"start":{"line":22,"column":22},"end":{"line":22,"column":56}},"13":{"start":{"line":23,"column":8},"end":{"line":23,"column":35}},"14":{"start":{"line":25,"column":8},"end":{"line":25,"column":67}},"15":{"start":{"line":31,"column":19},"end":{"line":47,"column":1}},"16":{"start":{"line":32,"column":4},"end":{"line":32,"column":25}},"17":{"start":{"line":34,"column":17},"end":{"line":37,"column":6}},"18":{"start":{"line":39,"column":4},"end":{"line":46,"column":5}},"19":{"start":{"line":40,"column":8},"end":{"line":40,"column":35}},"20":{"start":{"line":41,"column":8},"end":{"line":41,"column":38}},"21":{"start":{"line":42,"column":8},"end":{"line":42,"column":37}},"22":{"start":{"line":44,"column":8},"end":{"line":44,"column":46}},"23":{"start":{"line":45,"column":8},"end":{"line":45,"column":69}},"24":{"start":{"line":50,"column":0},"end":{"line":50,"column":55}}},"fnMap":{"0":{"name":"(anonymous_0)","decl":{"start":{"line":4,"column":20},"end":{"line":4,"column":21}},"loc":{"start":{"line":4,"column":42},"end":{"line":16,"column":1}},"line":4},"1":{"name":"(anonymous_1)","decl":{"start":{"line":18,"column":20},"end":{"line":18,"column":21}},"loc":{"start":{"line":18,"column":42},"end":{"line":27,"column":1}},"line":18},"2":{"name":"(anonymous_2)","decl":{"start":{"line":31,"column":19},"end":{"line":31,"column":20}},"loc":{"start":{"line":31,"column":41},"end":{"line":47,"column":1}},"line":31}},"branchMap":{"0":{"loc":{"start":{"line":7,"column":8},"end":{"line":11,"column":9}},"type":"if","locations":[{"start":{"line":7,"column":8},"end":{"line":11,"column":9}},{"start":{"line":9,"column":13},"end":{"line":11,"column":9}}],"line":7}},"s":{"0":1,"1":1,"2":1,"3":1,"4":1,"5":1,"6":0,"7":1,"8":0,"9":1,"10":0,"11":0,"12":0,"13":0,"14":0,"15":1,"16":1,"17":1,"18":1,"19":1,"20":1,"21":1,"22":0,"23":0,"24":1},"f":{"0":1,"1":0,"2":1},"b":{"0":[1,0]},"_coverageSchema":"1a1c01bbd47fc00a2c39e90264f33305004495a9","hash":"9771deeaae5f329793ad768fdd5cbc32577cf15b"}
,"C:\\Users\\kibeb\\Desktop\\webintro\\models\\post_model.js": {"path":"C:\\Users\\kibeb\\Desktop\\webintro\\models\\post_model.js","statementMap":{"0":{"start":{"line":1,"column":17},"end":{"line":1,"column":36}},"1":{"start":{"line":3,"column":19},"end":{"line":12,"column":2}},"2":{"start":{"line":14,"column":0},"end":{"line":14,"column":50}}},"fnMap":{},"branchMap":{},"s":{"0":1,"1":1,"2":1},"f":{},"b":{},"_coverageSchema":"1a1c01bbd47fc00a2c39e90264f33305004495a9","hash":"c45e2487a96680ef61beb1837eb1a9166156366d"}
,"C:\\Users\\kibeb\\Desktop\\webintro\\routes\\post_route.js": {"path":"C:\\Users\\kibeb\\Desktop\\webintro\\routes\\post_route.js","statementMap":{"0":{"start":{"line":1,"column":16},"end":{"line":1,"column":34}},"1":{"start":{"line":2,"column":15},"end":{"line":2,"column":31}},"2":{"start":{"line":3,"column":13},"end":{"line":3,"column":46}},"3":{"start":{"line":5,"column":0},"end":{"line":5,"column":32}},"4":{"start":{"line":7,"column":0},"end":{"line":7,"column":35}},"5":{"start":{"line":9,"column":0},"end":{"line":9,"column":32}},"6":{"start":{"line":11,"column":0},"end":{"line":11,"column":23}}},"fnMap":{},"branchMap":{},"s":{"0":1,"1":1,"2":1,"3":1,"4":1,"5":1,"6":1},"f":{},"b":{},"_coverageSchema":"1a1c01bbd47fc00a2c39e90264f33305004495a9","hash":"e11031766a4a8300e4bf21c97f1aec8f155c29b8"}
}
